[INFO ] 2025-03-18 11:55:21.174 [main] LoggerUtil - Locator: name~username
[INFO ] 2025-03-18 11:55:21.627 [main] LoggerUtil - Locator: xpath~//input[@placeholder='Password']
[INFO ] 2025-03-18 11:55:21.755 [main] LoggerUtil - Locator: xpath~//button[normalize-space()='Login']
[INFO ] 2025-03-18 11:55:22.613 [main] LoggerUtil - Locator: xpath~//span[text() = 'Admin']
[INFO ] 2025-03-18 11:55:23.585 [main] LoggerUtil - Locator: xpath~//*[contains(text(), 'Job')]
[INFO ] 2025-03-18 11:55:23.896 [main] LoggerUtil - Locator: xpath~//*[contains(text(), 'Job Titles')]
[INFO ] 2025-03-18 11:55:24.809 [main] LoggerUtil - Locator: xpath~//button[normalize-space()='Add']
[INFO ] 2025-03-18 11:55:25.432 [main] LoggerUtil - Locator: xpath~(//input[@class='oxd-input oxd-input--active'])[2]
[INFO ] 2025-03-18 11:55:25.817 [main] LoggerUtil - Locator: xpath~//textarea[@placeholder='Type description here']
[INFO ] 2025-03-18 11:55:25.934 [main] LoggerUtil - Locator: xpath~//textarea[@placeholder='Add note']
[INFO ] 2025-03-18 11:55:26.051 [main] LoggerUtil - Locator: xpath~//button[normalize-space()='Save']
[INFO ] 2025-03-18 11:55:26.134 [main] LoggerUtil - Locator: xpath~//*[text()='Successfully Saved']
[INFO ] 2025-03-18 11:55:35.004 [main] LoggerUtil - Locator: name~username
[INFO ] 2025-03-18 11:55:35.436 [main] LoggerUtil - Locator: xpath~//input[@placeholder='Password']
[INFO ] 2025-03-18 11:55:35.542 [main] LoggerUtil - Locator: xpath~//button[normalize-space()='Login']
[INFO ] 2025-03-18 11:55:36.408 [main] LoggerUtil - Locator: xpath~//span[text() = 'Admin']
[INFO ] 2025-03-18 11:55:37.450 [main] LoggerUtil - Locator: xpath~//span[text()='Qualifications ']
[INFO ] 2025-03-18 11:55:37.734 [main] LoggerUtil - Locator: xpath~//*[contains(text(), 'Languages')]
[INFO ] 2025-03-18 11:55:38.610 [main] LoggerUtil - Locator: xpath~//button[normalize-space()='Add']
[INFO ] 2025-03-18 11:55:39.304 [main] LoggerUtil - Locator: xpath~(//input[@class='oxd-input oxd-input--active'])[2]
[INFO ] 2025-03-18 11:55:39.612 [main] LoggerUtil - Locator: xpath~//button[normalize-space()='Save']
[INFO ] 2025-03-18 11:55:39.675 [main] LoggerUtil - Locator: xpath~//*[text()='Successfully Saved']
[INFO ] 2025-03-18 11:55:48.086 [main] LoggerUtil - Locator: name~username
[INFO ] 2025-03-18 11:55:48.508 [main] LoggerUtil - Locator: xpath~//input[@placeholder='Password']
[INFO ] 2025-03-18 11:55:48.623 [main] LoggerUtil - Locator: xpath~//button[normalize-space()='Login']
[INFO ] 2025-03-18 11:55:49.511 [main] LoggerUtil - Locator: xpath~//span[text() = 'Admin']
[INFO ] 2025-03-18 11:55:50.458 [main] LoggerUtil - Locator: xpath~//span[text()='Qualifications ']
[INFO ] 2025-03-18 11:55:50.786 [main] LoggerUtil - Locator: xpath~//*[contains(text(), 'Languages')]
[INFO ] 2025-03-18 11:55:51.670 [main] LoggerUtil - Locator: xpath~//button[normalize-space()='Add']
[INFO ] 2025-03-18 11:55:52.251 [main] LoggerUtil - Locator: xpath~(//input[@class='oxd-input oxd-input--active'])[2]
[INFO ] 2025-03-18 11:55:52.590 [main] LoggerUtil - Locator: xpath~//button[normalize-space()='Save']
[INFO ] 2025-03-18 11:55:52.661 [main] LoggerUtil - Locator: xpath~//*[text()='Successfully Saved']
[INFO ] 2025-03-18 11:55:53.820 [main] LoggerUtil - Screenshot saved to: screenshots/1742324153812.png
[INFO ] 2025-03-18 11:55:53.829 [main] LoggerUtil - Took Screenshot
[INFO ] 2025-03-18 11:55:53.835 [main] LoggerUtil - Screenshot file deleted.
[ERROR] 2025-03-18 11:55:58.123 [main] LoggerUtil - assertAll() FAILED: The following asserts failed:
	expected [Bad Data] but found [Successfully Saved]
[INFO ] 2025-03-18 11:56:01.340 [main] LoggerUtil - Locator: name~username
[INFO ] 2025-03-18 11:56:01.818 [main] LoggerUtil - Locator: xpath~//input[@placeholder='Password']
[INFO ] 2025-03-18 11:56:01.963 [main] LoggerUtil - Locator: xpath~//button[normalize-space()='Login']
[INFO ] 2025-03-18 11:56:02.861 [main] LoggerUtil - Locator: css~.oxd-userdropdown-name
[INFO ] 2025-03-18 11:56:03.147 [main] LoggerUtil - Locator: xpath~//*[text() = 'Logout']
[INFO ] 2025-03-18 11:56:03.754 [main] LoggerUtil - Locator: xpath~//*[text() = 'Logout']
[INFO ] 2025-03-18 11:56:10.629 [main] LoggerUtil - Locator: name~username
[INFO ] 2025-03-18 11:56:11.079 [main] LoggerUtil - Locator: xpath~//input[@placeholder='Password']
[INFO ] 2025-03-18 11:56:11.210 [main] LoggerUtil - Locator: xpath~//button[normalize-space()='Login']
[INFO ] 2025-03-18 11:56:11.333 [main] LoggerUtil - Locator: xpath~//span[text() = 'Admin']
[INFO ] 2025-03-18 11:56:13.184 [main] LoggerUtil - Locator: xpath~//*[contains(text(), 'Job')]
[INFO ] 2025-03-18 11:56:13.478 [main] LoggerUtil - Locator: xpath~//*[contains(text(), 'Pay Grades')]
[INFO ] 2025-03-18 11:56:14.323 [main] LoggerUtil - Locator: xpath~//button[normalize-space()='Add']
[INFO ] 2025-03-18 11:56:14.899 [main] LoggerUtil - Locator: xpath~(//input[@class='oxd-input oxd-input--active'])[2]
[INFO ] 2025-03-18 11:56:15.343 [main] LoggerUtil - Locator: xpath~//button[normalize-space()='Save']
[INFO ] 2025-03-18 11:56:21.806 [main] LoggerUtil - Locator: name~username
[INFO ] 2025-03-18 11:56:22.275 [main] LoggerUtil - Locator: xpath~//input[@placeholder='Password']
[INFO ] 2025-03-18 11:56:22.450 [main] LoggerUtil - Locator: xpath~//button[normalize-space()='Login']
[INFO ] 2025-03-18 11:56:22.538 [main] LoggerUtil - Locator: xpath~//span[text() = 'Admin']
[INFO ] 2025-03-18 11:56:24.400 [main] LoggerUtil - Locator: xpath~//*[contains(text(), 'Job')]
[INFO ] 2025-03-18 11:56:24.698 [main] LoggerUtil - Locator: xpath~//*[contains(text(), 'Pay Grades')]
[INFO ] 2025-03-18 11:56:25.558 [main] LoggerUtil - Locator: xpath~//button[normalize-space()='Add']
[INFO ] 2025-03-18 11:56:26.232 [main] LoggerUtil - Locator: xpath~(//input[@class='oxd-input oxd-input--active'])[2]
[INFO ] 2025-03-18 11:56:26.621 [main] LoggerUtil - Locator: xpath~//button[normalize-space()='Save']
[INFO ] 2025-03-18 11:56:32.907 [main] LoggerUtil - Locator: name~username
[INFO ] 2025-03-18 11:56:33.323 [main] LoggerUtil - Locator: xpath~//input[@placeholder='Password']
[INFO ] 2025-03-18 11:56:33.445 [main] LoggerUtil - Locator: xpath~//button[normalize-space()='Login']
[INFO ] 2025-03-18 11:56:33.522 [main] LoggerUtil - Locator: xpath~//span[text() = 'Admin']
[INFO ] 2025-03-18 11:56:35.190 [main] LoggerUtil - Locator: xpath~//span[text()='Qualifications ']
[INFO ] 2025-03-18 11:56:35.448 [main] LoggerUtil - Locator: xpath~//*[contains(text(), 'Skills')]
[INFO ] 2025-03-18 11:56:36.297 [main] LoggerUtil - Locator: xpath~//button[normalize-space()='Add']
[INFO ] 2025-03-18 11:56:36.840 [main] LoggerUtil - Locator: xpath~(//input[@class='oxd-input oxd-input--active'])[2]
[INFO ] 2025-03-18 11:56:37.181 [main] LoggerUtil - Locator: xpath~//*[contains(@placeholder, 'Type')]
[INFO ] 2025-03-18 11:56:37.302 [main] LoggerUtil - Locator: xpath~//button[normalize-space()='Save']
[INFO ] 2025-03-18 11:56:37.379 [main] LoggerUtil - Locator: xpath~//*[text()='Successfully Saved']
[INFO ] 2025-03-18 11:56:46.470 [main] LoggerUtil - Locator: name~username
[INFO ] 2025-03-18 11:56:46.877 [main] LoggerUtil - Locator: xpath~//input[@placeholder='Password']
[INFO ] 2025-03-18 11:56:46.962 [main] LoggerUtil - Locator: xpath~//button[normalize-space()='Login']
[INFO ] 2025-03-18 11:56:47.044 [main] LoggerUtil - Locator: xpath~//span[text() = 'Admin']
[INFO ] 2025-03-18 11:56:48.745 [main] LoggerUtil - Locator: xpath~//span[text()='Qualifications ']
[INFO ] 2025-03-18 11:56:49.068 [main] LoggerUtil - Locator: xpath~//*[contains(text(), 'Skills')]
[INFO ] 2025-03-18 11:56:50.005 [main] LoggerUtil - Locator: xpath~//button[normalize-space()='Add']
[INFO ] 2025-03-18 11:56:50.552 [main] LoggerUtil - Locator: xpath~(//input[@class='oxd-input oxd-input--active'])[2]
[INFO ] 2025-03-18 11:56:50.904 [main] LoggerUtil - Locator: xpath~//*[contains(@placeholder, 'Type')]
[INFO ] 2025-03-18 11:56:51.000 [main] LoggerUtil - Locator: xpath~//button[normalize-space()='Save']
[INFO ] 2025-03-18 11:56:51.065 [main] LoggerUtil - Locator: xpath~//*[text()='Successfully Saved']
[INFO ] 2025-03-18 11:56:52.191 [main] LoggerUtil - Screenshot saved to: screenshots/1742324212189.png
[INFO ] 2025-03-18 11:56:52.195 [main] LoggerUtil - Took Screenshot
[INFO ] 2025-03-18 11:56:52.197 [main] LoggerUtil - Screenshot file deleted.
[ERROR] 2025-03-18 11:56:56.503 [main] LoggerUtil - assertAll() FAILED: The following asserts failed:
	expected [bad_message] but found [Successfully Saved]
